<?xml version="1.0" encoding="UTF-8"?>
<testsuite xmlns:xsi="http://www.w3.org/2001/XMLSchema-instance" xsi:noNamespaceSchemaLocation="https://maven.apache.org/surefire/maven-surefire-plugin/xsd/surefire-test-report-3.0.xsd" version="3.0" name="ht4.StackImplementationsTest" time="0.024" tests="4" errors="2" skipped="0" failures="0">
  <properties>
[...]
</properties>
  <testcase name="testVectorStack" classname="ht4.StackImplementationsTest" time="0.003"/>
  <testcase name="testArrayListStack" classname="ht4.StackImplementationsTest" time="0.009">
    <error message="Stack is empty" type="java.lang.IllegalStateException"><![CDATA[java.lang.IllegalStateException: Stack is empty
	at ht4.ArrayListStack.pop(ArrayListStack.java:17)
	at ht4.StackImplementationsTest.testArrayListStack(StackImplementationsTest.java:19)
	at java.base/java.lang.reflect.Method.invoke(Method.java:565)
	at java.base/java.util.ArrayList.forEach(ArrayList.java:1604)
	at java.base/java.util.ArrayList.forEach(ArrayList.java:1604)
]]></error>
  </testcase>
  <testcase name="testListStackDoubly" classname="ht4.StackImplementationsTest" time="0.002"/>
  <testcase name="testListStackSingly" classname="ht4.StackImplementationsTest" time="0.002">
    <error message="Stack is empty" type="java.lang.IllegalStateException"><![CDATA[java.lang.IllegalStateException: Stack is empty
	at ht4.ListStack.pop(ListStack.java:19)
	at ht4.StackImplementationsTest.testListStackSingly(StackImplementationsTest.java:46)
	at java.base/java.lang.reflect.Method.invoke(Method.java:565)
	at java.base/java.util.ArrayList.forEach(ArrayList.java:1604)
	at java.base/java.util.ArrayList.forEach(ArrayList.java:1604)
]]></error>
  </testcase>
</testsuite>